    1  pwd
    2  mkdir test
    3  ls
    4  rmdir test
    5  ls
    6  passwd
    7  mkdir sampleProject
    8  ls -ltr
    9  cd sampleProject/
   10  touch sampleFile.txt
   11  git init
   12  git add .
   13  git status
   14  git config --global breannakchi
   15  git config --global user.name "breannakchi"
   16  git config --global user.email breannakchi@gmail.com
   17  cd ~/.ssh && ssh-keygen
   18  mkdir ~/.ssh
   19  cd ~/.ssh && ssh-keygen
   20  cat id_rsa.pub
   21  git remote add origin git@github.com:<breannakchi>/<sampleProject>.git
   22  git remote add origin https://github.com/breannakchi/sampleProject.git
   23  git commit -m "hello world"
   24  git remote add origin https://github.com/breannakchi/sampleProject.git
   25  git init
   26  git remote add origin https://github.com/breannakchi/sampleProject.git
   27  git commit -m "hello world"
   28  git push --set-upstream origin master
   29  git add .
   30  git push --set-upstream origin master
   31  git add .
   32  git commit -m "hello world"
   33  git push --set-upstream origin master
   34  git remote add origin git@github.com:breannakchi/sampleProject.git
   35  git remote -v
   36  git remote set-url origin git@github.com:breannakchi/sampleProject.git
   37  git remove -v
   38  git remote -v
   39  git add .
   40  git commit -m "hello world"
   41  git push --set-upstream origin master
   42  wget www.github.com
   43  pwd
   44  mkdir myproject
   45  cd myproject/
   46  git init
   47  touch newfile.txt
   48  ls
   49  git status
   50  git add newfile.txt
   51  git status
   52  git commit -m "this is my first commit!"
   53  git status
   54  git branch
   55  git checkout -b my-new-branch
   56  git branch
   57  git remote add origin git@github.com:breannakchi/newrepo.git
   58  git push -u origin main
   59  git config --global user.email "breannakchi@gmail.com"
   60  git config --global user.name
   61  git remote add origin git@github.com:breannakchi/newrepo.git
   62  git push -u origin main
   63  git status
   64  git add .
   65  git status
   66  git remote add origin git@github.com:breannakchi/newrepo.git
   67  git commit -m "this is my first commit"
   68  git push -u origin master
   69  git push origin my-new-branch
   70  git pull
   71  git pull origin master
   72  git log
   73  git checkout master
   74  git log
   75  pwd
   76  cd..
   77  cd.
   78  cd ..
   79  pwd
   80  mkdir cs131
   81  ls
   82  cd cs131
   83  git init
   84  git remote add origin git@github.com:breannakchi/cs131.git
   85  git branch
   86  git status
   87  git branch -b worksheet1
   88  git checkout -b worksheet1
   89  git branch
   90  git staus
   91  git status
   92  git add .
   93  history > cmds.log
   94  touch cmds.log
   95  ls
   96  git status
   97  git add
   98  git add .
   99  git commit -m "My history of commands"
  100  git branch
  101  git remote add origin git@github.com:breannakchi/cs131.git
  102  git status
  103  git init
  104  git add.
  105  git add .
  106  git status
  107  touch cmds.log 
  108  ls
  109  git status
  110  git add cmds.log 
  111  git commit
  112  git commit -m "My history of my commands"
  113  git branch
  114  git remote add origin git@github.com:breannakchi/cs131.git
  115  git push -u origin main
  116  git push origin worksheet1
  117  wget https://raw.githubusercontent.com/jyotikahp/DemoRepoForCS131/main/Global%20YouTube%20Statistics.csv
  118  grep "United States" "Global YouTube Statistics.csv"
  119  grep ",Music," "Global YouTube Statistics.csv"
  120  grep ",Music," "Global YouTube Statistics.csv" | wc
  121  grep ",Music," "Global YouTube Statistics.csv" | wc -l > counts.txt
  122  grep ",Music," "Global YouTube Statistics.csv" | wc -w >> counts.txt
  123  vi counts.txt
  124  history > cmds.log
  125  pwd
  126  mkdir Worksheet2
  127  ls -ltr
  128  cd worksheet2
  129  cd Worksheet2
  130  touch counts.txt
  131  git init
  132  git add .
  133  git status
  134  touch cmds.log
  135  git init
  136  git add .
  137  git status
  138  git config --global user.email breannakchi@gmail.com
  139  git config --global user.name breannakchi
  140  git init
  141  git commit -m "adding the counts.txt file and cmds.log for history file"
  142  git brnach -m main
  143  git branch -m main
  144  git remote add origin git@github.com:breannakchi/Worksheet2.git
  145  git push -u origin main
  146  touch counts.txt
  147  cd
  148  ls
  149  cd worksheet2
  150  ls
  151  cd counts.txt
  152  open cmds.log
  153  open counts.txt
  154  cd Worksheet2
  155  ls
  156  open -a cmds.log
  157  cat cmds.log
  158  cd .
  159  cd ..
  160  cat cmds.log
  161  cat counts.txt
  162  cd
  163  ls
  164  cd Worksheet2
  165  pwd
  166  mv cmds.log /mnt/scratch/SP24_CS131_Jyotika/breannasp24/Worksheet2
  167  cd Worksheet2
  168  cd ..
  169  mv cmds.log /mnt/scratch/SP24_CS131_Jyotika/breannasp24/Worksheet2
  170  ls
  171  cd Worksheet2
  172  ls
  173  cat cmds.log
  174  cd ..
  175  mv counts.txt /mnt/scratch/SP24_CS131_Jyotika/breannasp24/Worksheet2
  176  cd
  177  ls
  178  cd Worksheet2
  179  ls
  180  cat counts.txt
  181  git init
  182  git add .
  183  git status
  184  git commit -m "New push because the first push was blank files"
  185  git remote add origin git@github.com:breannakchi/Worksheet2.git
  186  git push --set-upstream origin master
  187  git push origin main
  188  pwd
  189  ls
  190  pwd
--------------------------------- start of hw1 ----------------------------------------------------------------
1.
  191  mkdir Assignment1
  192  ls
  193  cd Assignment1
2.
  194  echo $SHELL
3.
  195  echo $HOME
4.
  196  id -u
  197  groups
  198  groups username
  199  groups
  200  mkdir "Assignment1/myDir"
  201  cd ..
  202  mkdir "Assignment1/myDir"
  203  ls
  204  cd Assignment1
  205  ls
5.
  206  chmod u-w Assignment1/myDir
  207  cd myDir
  208  chmod u-w
  209  chmod u-w myDir
  210  cd ..
  211  chmod u-w Assignment1/myDir
  212  chmod u-w myDir
  213  cd myDir
  214  ls
  215  ls -l
  216  cd ..
6.
  217  mkdir myDir2
  218  cd ..
  219  ls
  220  cd Assignment1/
  221  mkdir myDir3
  222  ls
  223  cd myDir2
7.
  224  touch myFile.txt
  225  mv myFile.txt myDir3
  226  ls
  227  cd ..
  228  ls Assignment1/
  229  cd myDir3
  230  cd myDir2
  231  ls Assignment1/
  232  cd myDir
  233  ls Assignment1
  234  cd myDir
  235  cd Assignment1
  236  ls
  237  cd myDir
  238  ls
  239  cd ..
  240  cd myDir2
  241  ls
  242  cd ..
  243  cd myDir3
  244  ls
  245  cd ..
  246  ls
  247  cd myDir2
  248  ls
  249  cd myDir3
  250  rm myDir3
  251  rm myFile.txt
  252  touch myFile.txt
  253  ls
  254  mv myFile.txt myDir3/
  255  mv myDir2/myFile.txt myDir3/
  256  cd ..
  257  mv myDir2/myFile.txt myDir3/
  258  cd
  259  ls
  260  cd Assignment1/
  261  ls
  262  cd myDir3
  263  ls
8.
  264  free -m
  265  man free
9.
  266  cat /etc/os-release
  267  cd ..
10.
  268  ls -l /etc/os-release
  269  pwd
  270  ls
  271  cd Assignment1
  272  ls
  273  touch Assignment1.txt
  274  ls
  275  nano Assignment1.txt
  276  ls
  277  history > cmds.log
